{"level":30,"time":"2022-01-06T21:07:16.057Z","pid":5877,"hostname":"ray","msg":"x-attr dependency did not load successfully"}
{"level":30,"time":"2022-01-06T21:07:16.068Z","pid":5877,"hostname":"ray","msg":"preload complete"}
{"level":30,"time":"2022-01-06T21:07:16.189Z","pid":5877,"hostname":"ray","msg":"Initializing SQL in renderer"}
{"level":30,"time":"2022-01-06T21:07:16.239Z","pid":5877,"hostname":"ray","msg":"SQL initialized in renderer"}
{"level":30,"time":"2022-01-06T21:07:16.240Z","pid":5877,"hostname":"ray","msg":"remove storage key job queue: starting to stream jobs"}
{"level":30,"time":"2022-01-06T21:07:16.240Z","pid":5877,"hostname":"ray","msg":"JobQueueDatabaseStore fetching existing jobs for queue \"remove storage key\""}
{"level":30,"time":"2022-01-06T21:07:16.240Z","pid":5877,"hostname":"ray","msg":"report spam job queue: starting to stream jobs"}
{"level":30,"time":"2022-01-06T21:07:16.240Z","pid":5877,"hostname":"ray","msg":"JobQueueDatabaseStore fetching existing jobs for queue \"report spam\""}
{"level":30,"time":"2022-01-06T21:07:16.240Z","pid":5877,"hostname":"ray","msg":"Our profile key service: initializing"}
{"level":30,"time":"2022-01-06T21:07:16.241Z","pid":5877,"hostname":"ray","msg":"JobQueueDatabaseStore finished fetching existing 0 jobs for queue \"remove storage key\""}
{"level":30,"time":"2022-01-06T21:07:16.241Z","pid":5877,"hostname":"ray","msg":"JobQueueDatabaseStore finished fetching existing 0 jobs for queue \"report spam\""}
{"level":30,"time":"2022-01-06T21:07:16.264Z","pid":5877,"hostname":"ray","msg":"background page reloaded"}
{"level":30,"time":"2022-01-06T21:07:16.264Z","pid":5877,"hostname":"ray","msg":"environment: production"}
{"level":30,"time":"2022-01-06T21:07:16.275Z","pid":5877,"hostname":"ray","msg":"Storage fetch"}
{"level":30,"time":"2022-01-06T21:07:16.277Z","pid":5877,"hostname":"ray","msg":"Sender certificate service initialized"}
{"level":30,"time":"2022-01-06T21:07:16.278Z","pid":5877,"hostname":"ray","msg":"Starting background data migration. Target version: 10"}
{"level":40,"time":"2022-01-06T21:07:16.278Z","pid":5877,"hostname":"ray","msg":"Failed to parse integer out of desktop.retryReceiptLifespan feature flag Error: retryReceiptLifeSpan\n    at Object.q.parseIntOrThrow ([REDACTED]/resources/app.asar/preload.bundle.js:2:5759548)\n    at [REDACTED]/resources/app.asar/preload.bundle.js:2:3866338"}
{"level":30,"time":"2022-01-06T21:07:16.279Z","pid":5877,"hostname":"ray","msg":"RetryPlaceholders.constructor: Started with 0 items"}
{"level":30,"time":"2022-01-06T21:07:16.279Z","pid":5877,"hostname":"ray","msg":"ConversationController: starting initial fetch"}
{"level":30,"time":"2022-01-06T21:07:16.285Z","pid":5877,"hostname":"ray","msg":"SignalProtocolStore: Finished caching identityKeys data"}
{"level":30,"time":"2022-01-06T21:07:16.285Z","pid":5877,"hostname":"ray","msg":"SignalProtocolStore: Finished caching sessions data"}
{"level":30,"time":"2022-01-06T21:07:16.285Z","pid":5877,"hostname":"ray","msg":"SignalProtocolStore: Finished caching preKeys data"}
{"level":30,"time":"2022-01-06T21:07:16.285Z","pid":5877,"hostname":"ray","msg":"SignalProtocolStore: Finished caching senderKeys data"}
{"level":30,"time":"2022-01-06T21:07:16.285Z","pid":5877,"hostname":"ray","msg":"SignalProtocolStore: Finished caching signedPreKeys data"}
{"level":30,"time":"2022-01-06T21:07:16.286Z","pid":5877,"hostname":"ray","msg":"ConversationController: done with initial fetch"}
{"level":30,"time":"2022-01-06T21:07:16.286Z","pid":5877,"hostname":"ray","msg":"checkForConflicts: starting..."}
{"level":30,"time":"2022-01-06T21:07:16.286Z","pid":5877,"hostname":"ray","msg":"checkForConflicts: complete!"}
{"level":30,"time":"2022-01-06T21:07:16.287Z","pid":5877,"hostname":"ray","msg":"ensureContactIds: e164-only match found (have UUID: false)"}
{"level":30,"time":"2022-01-06T21:07:16.290Z","pid":5877,"hostname":"ray","msg":"ensureContactIds: e164-only match found (have UUID: false)"}
{"level":30,"time":"2022-01-06T21:07:16.291Z","pid":5877,"hostname":"ray","msg":"ensureContactIds: e164-only match found (have UUID: false)"}
{"level":30,"time":"2022-01-06T21:07:16.291Z","pid":5877,"hostname":"ray","msg":"ensureContactIds: e164-only match found (have UUID: false)"}
{"level":30,"time":"2022-01-06T21:07:16.292Z","pid":5877,"hostname":"ray","msg":"ensureContactIds: e164-only match found (have UUID: false)"}
{"level":30,"time":"2022-01-06T21:07:16.292Z","pid":5877,"hostname":"ray","msg":"ensureContactIds: e164-only match found (have UUID: false)"}
{"level":30,"time":"2022-01-06T21:07:16.292Z","pid":5877,"hostname":"ray","msg":"ensureContactIds: e164-only match found (have UUID: false)"}
{"level":30,"time":"2022-01-06T21:07:16.292Z","pid":5877,"hostname":"ray","msg":"ensureContactIds: e164-only match found (have UUID: false)"}
{"level":30,"time":"2022-01-06T21:07:16.292Z","pid":5877,"hostname":"ray","msg":"ensureContactIds: e164-only match found (have UUID: false)"}
{"level":30,"time":"2022-01-06T21:07:16.293Z","pid":5877,"hostname":"ray","msg":"ensureContactIds: e164-only match found (have UUID: false)"}
{"level":30,"time":"2022-01-06T21:07:16.293Z","pid":5877,"hostname":"ray","msg":"ensureContactIds: e164-only match found (have UUID: false)"}
{"level":30,"time":"2022-01-06T21:07:16.294Z","pid":5877,"hostname":"ray","msg":"challenge: loading 0 messages"}
{"level":30,"time":"2022-01-06T21:07:16.294Z","pid":5877,"hostname":"ray","msg":"Cleanup: starting..."}
{"level":30,"time":"2022-01-06T21:07:16.294Z","pid":5877,"hostname":"ray","msg":"Initializing network observer every 5000ms"}
{"level":30,"time":"2022-01-06T21:07:16.294Z","pid":5877,"hostname":"ray","msg":"Build expires:  2021-09-14T00:37:51.000Z"}
{"level":30,"time":"2022-01-06T21:07:16.294Z","pid":5877,"hostname":"ray","msg":"challenge: loaded 0 messages"}
{"level":30,"time":"2022-01-06T21:07:16.294Z","pid":5877,"hostname":"ray","msg":"Cleanup: Found 0 messages for cleanup"}
{"level":30,"time":"2022-01-06T21:07:16.294Z","pid":5877,"hostname":"ray","msg":"Cleanup: complete"}
{"level":30,"time":"2022-01-06T21:07:16.294Z","pid":5877,"hostname":"ray","msg":"listening for registration events"}
{"level":30,"time":"2022-01-06T21:07:16.297Z","pid":5877,"hostname":"ray","msg":"connect {\"connectCount\":0}"}
{"level":30,"time":"2022-01-06T21:07:16.298Z","pid":5877,"hostname":"ray","msg":"open inbox"}
{"level":50,"time":"2022-01-06T21:07:16.301Z","pid":5877,"hostname":"ray","msg":"connect: Error refreshing remote config: Error: Password in storage was not a string. Cannot connect to WebAPI\n    at Object.q.connectToServerWithStoredCredentials ([REDACTED]/resources/app.asar/preload.bundle.js:2:5720366)\n    at Object.q.refreshRemoteConfig ([REDACTED]/resources/app.asar/preload.bundle.js:2:3819238)\n    at connect ([REDACTED]/resources/app.asar/preload.bundle.js:2:3882867)\n    at [REDACTED]/resources/app.asar/preload.bundle.js:2:3877779"}
{"level":30,"time":"2022-01-06T21:07:16.301Z","pid":5877,"hostname":"ray","msg":"Initializing socket and listening for messages"}
{"level":30,"time":"2022-01-06T21:07:16.302Z","pid":5877,"hostname":"ray","msg":"getAllFromCache"}
{"level":30,"time":"2022-01-06T21:07:16.302Z","pid":5877,"hostname":"ray","msg":"opening message socket https://textsecure-service.whispersystems.org"}
{"level":30,"time":"2022-01-06T21:07:16.309Z","pid":5877,"hostname":"ray","msg":"initializeGroupCredentialFetcher: starting..."}
{"level":30,"time":"2022-01-06T21:07:16.310Z","pid":5877,"hostname":"ray","msg":"maybeFetchCredentials: no UUID, returning early"}
{"level":30,"time":"2022-01-06T21:07:16.310Z","pid":5877,"hostname":"ray","msg":"attachment_downloads/start: enabling"}
{"level":30,"time":"2022-01-06T21:07:16.311Z","pid":5877,"hostname":"ray","msg":"GET https://textsecure-service.whispersystems.org/v1/directory/auth"}
{"level":30,"time":"2022-01-06T21:07:16.313Z","pid":5877,"hostname":"ray","msg":"attachment_downloads/_maybeStartJob: no attachment jobs to run"}
{"level":30,"time":"2022-01-06T21:07:16.313Z","pid":5877,"hostname":"ray","msg":"getAllFromCache loaded 0 saved envelopes"}
{"level":50,"time":"2022-01-06T21:07:16.431Z","pid":5877,"hostname":"ray","msg":"Top-level unhandled promise rejection: Error: Password in storage was not a string. Cannot connect to WebAPI\n    at Object.q.connectToServerWithStoredCredentials ([REDACTED]/resources/app.asar/preload.bundle.js:2:5720366)\n    at Object.q.refreshRemoteConfig ([REDACTED]/resources/app.asar/preload.bundle.js:2:3819238)\n    at invokeFunc ([REDACTED]/resources/app.asar/preload.bundle.js:2:2128342)\n    at leadingEdge ([REDACTED]/resources/app.asar/preload.bundle.js:2:2128415)\n    at Object.debounced [as maybeRefreshRemoteConfig] ([REDACTED]/resources/app.asar/preload.bundle.js:2:2128837)\n    at Object.q.initRemoteConfig ([REDACTED]/resources/app.asar/preload.bundle.js:2:3819042)\n    at [REDACTED]/resources/app.asar/preload.bundle.js:2:3866309"}
{"level":50,"time":"2022-01-06T21:07:16.431Z","pid":5877,"hostname":"ray","msg":"Top-level unhandled promise rejection: Error: Password in storage was not a string. Cannot connect to WebAPI\n    at Object.q.connectToServerWithStoredCredentials ([REDACTED]/resources/app.asar/preload.bundle.js:2:5720366)\n    at connect ([REDACTED]/resources/app.asar/preload.bundle.js:2:3885837)"}
{"level":50,"time":"2022-01-06T21:07:16.821Z","pid":5877,"hostname":"ray","msg":"background onError: HTTPError: promiseAjax: invalid websocket response; code: 403\n    at makeHTTPError ([REDACTED]/resources/app.asar/preload.bundle.js:2:5656375)\n    at WebSocketClient.<anonymous> ([REDACTED]/resources/app.asar/preload.bundle.js:2:5651517)\n    at processTicksAndRejections (internal/process/task_queues.js:93:5)\nOriginal stack:\nError\n    at _connectSocket ([REDACTED]/resources/app.asar/preload.bundle.js:2:5651228)\n    at Object.getMessageSocket ([REDACTED]/resources/app.asar/preload.bundle.js:2:5664033)\n    at ct.connect ([REDACTED]/resources/app.asar/preload.bundle.js:2:5568002)\n    at new ft ([REDACTED]/resources/app.asar/preload.bundle.js:2:5606457)\n    at connect ([REDACTED]/resources/app.asar/preload.bundle.js:2:3883833)"}
{"level":50,"time":"2022-01-06T21:07:16.821Z","pid":5877,"hostname":"ray","msg":"Model caught error triggering unauthorized event: TypeError: Cannot read property 'update' of undefined\n    at Object.<anonymous> ([REDACTED]/resources/app.asar/preload.bundle.js:2:3877988)\n    at triggerEvents (file://[REDACTED]/resources/app.asar/js/reliable_trigger.js:80:39)\n    at Object.trigger (file://[REDACTED]/resources/app.asar/js/reliable_trigger.js:134:17)\n    at unlinkAndDisconnect ([REDACTED]/resources/app.asar/preload.bundle.js:2:3903985)\n    at onError ([REDACTED]/resources/app.asar/preload.bundle.js:2:3905502)\n    at [REDACTED]/resources/app.asar/preload.bundle.js:2:3883714\n    at [REDACTED]/resources/app.asar/preload.bundle.js:2:2885988\n    at q.default._tryToStartAnother ([REDACTED]/resources/app.asar/preload.bundle.js:2:2885005)\n    at [REDACTED]/resources/app.asar/preload.bundle.js:2:2886169\n    at new Promise (<anonymous>)"}
{"level":30,"time":"2022-01-06T21:07:16.821Z","pid":5877,"hostname":"ray","msg":"MessageReceiver: stopProcessing requested"}
{"level":30,"time":"2022-01-06T21:07:16.821Z","pid":5877,"hostname":"ray","msg":"MessageReceiver.close()"}
{"level":30,"time":"2022-01-06T21:07:16.821Z","pid":5877,"hostname":"ray","msg":"drained"}
{"level":30,"time":"2022-01-06T21:07:16.822Z","pid":5877,"hostname":"ray","msg":"Flushing sql.Client.updateConversationBatcher batcher items.length=0"}
{"level":30,"time":"2022-01-06T21:07:16.822Z","pid":5877,"hostname":"ray","msg":"Flushing complete sql.Client.updateConversationBatcher for batcher"}
{"level":30,"time":"2022-01-06T21:07:16.822Z","pid":5877,"hostname":"ray","msg":"Flushing messageBatcher.updateMessageBatcher batcher items.length=0"}
{"level":30,"time":"2022-01-06T21:07:16.822Z","pid":5877,"hostname":"ray","msg":"Flushing complete messageBatcher.updateMessageBatcher for batcher"}
{"level":30,"time":"2022-01-06T21:07:16.822Z","pid":5877,"hostname":"ray","msg":"Flushing Whisper.deliveryReceiptBatcher batcher items.length=0"}
{"level":30,"time":"2022-01-06T21:07:16.822Z","pid":5877,"hostname":"ray","msg":"Flushing complete Whisper.deliveryReceiptBatcher for batcher"}
{"level":30,"time":"2022-01-06T21:07:16.822Z","pid":5877,"hostname":"ray","msg":"Flushing respondWithProfileKeyBatcher batcher items.length=0"}
{"level":30,"time":"2022-01-06T21:07:16.822Z","pid":5877,"hostname":"ray","msg":"Flushing complete respondWithProfileKeyBatcher for batcher"}
{"level":30,"time":"2022-01-06T21:07:16.822Z","pid":5877,"hostname":"ray","msg":"Flushing changedConvoBatcher batcher items.length=0"}
{"level":30,"time":"2022-01-06T21:07:16.822Z","pid":5877,"hostname":"ray","msg":"Flushing complete changedConvoBatcher for batcher"}
{"level":30,"time":"2022-01-06T21:07:16.822Z","pid":5877,"hostname":"ray","msg":"Flushing MessageReceiver.decryptAndCacheBatcher batcher items.length=0"}
{"level":30,"time":"2022-01-06T21:07:16.822Z","pid":5877,"hostname":"ray","msg":"Flushing complete MessageReceiver.decryptAndCacheBatcher for batcher"}
{"level":30,"time":"2022-01-06T21:07:16.822Z","pid":5877,"hostname":"ray","msg":"Flushing MessageReceiver.cacheRemoveBatcher batcher items.length=0"}
{"level":30,"time":"2022-01-06T21:07:16.822Z","pid":5877,"hostname":"ray","msg":"Flushing complete MessageReceiver.cacheRemoveBatcher for batcher"}
{"level":30,"time":"2022-01-06T21:07:16.822Z","pid":5877,"hostname":"ray","msg":"MessageReceiver: unregister batchers"}
{"level":30,"time":"2022-01-06T21:07:16.822Z","pid":5877,"hostname":"ray","msg":"Flushing sql.Client.updateConversationBatcher batcher items.length=0"}
{"level":30,"time":"2022-01-06T21:07:16.822Z","pid":5877,"hostname":"ray","msg":"Flushing complete sql.Client.updateConversationBatcher for batcher"}
{"level":30,"time":"2022-01-06T21:07:16.822Z","pid":5877,"hostname":"ray","msg":"Flushing messageBatcher.updateMessageBatcher batcher items.length=0"}
{"level":30,"time":"2022-01-06T21:07:16.822Z","pid":5877,"hostname":"ray","msg":"Flushing complete messageBatcher.updateMessageBatcher for batcher"}
{"level":30,"time":"2022-01-06T21:07:16.822Z","pid":5877,"hostname":"ray","msg":"Flushing Whisper.deliveryReceiptBatcher batcher items.length=0"}
{"level":30,"time":"2022-01-06T21:07:16.822Z","pid":5877,"hostname":"ray","msg":"Flushing complete Whisper.deliveryReceiptBatcher for batcher"}
{"level":30,"time":"2022-01-06T21:07:16.822Z","pid":5877,"hostname":"ray","msg":"Flushing respondWithProfileKeyBatcher batcher items.length=0"}
{"level":30,"time":"2022-01-06T21:07:16.822Z","pid":5877,"hostname":"ray","msg":"Flushing complete respondWithProfileKeyBatcher for batcher"}
{"level":30,"time":"2022-01-06T21:07:16.822Z","pid":5877,"hostname":"ray","msg":"Flushing changedConvoBatcher batcher items.length=0"}
{"level":30,"time":"2022-01-06T21:07:16.822Z","pid":5877,"hostname":"ray","msg":"Flushing complete changedConvoBatcher for batcher"}
{"level":30,"time":"2022-01-06T21:07:16.822Z","pid":5877,"hostname":"ray","msg":"Flushing start messageBatcher.saveNewMessageBatcher for waitBatcher items.length=0"}
{"level":30,"time":"2022-01-06T21:07:16.822Z","pid":5877,"hostname":"ray","msg":"Flushing complete messageBatcher.saveNewMessageBatcher for waitBatcher"}
{"level":40,"time":"2022-01-06T21:07:16.822Z","pid":5877,"hostname":"ray","msg":"Client is no longer authorized; deleting local configuration"}
{"level":30,"time":"2022-01-06T21:07:16.823Z","pid":5877,"hostname":"ray","msg":"onEmpty: All outstanding database requests complete"}
{"level":30,"time":"2022-01-06T21:07:16.823Z","pid":5877,"hostname":"ray","msg":"Next signed key rotation scheduled for 2021-09-21T09:44:31.790Z"}
{"level":30,"time":"2022-01-06T21:07:16.823Z","pid":5877,"hostname":"ray","msg":"data.goBackToMainProcess: switching to main process"}
{"level":30,"time":"2022-01-06T21:07:16.824Z","pid":5877,"hostname":"ray","msg":"SignalProtocolStore: Finished caching identityKeys data"}
{"level":30,"time":"2022-01-06T21:07:16.824Z","pid":5877,"hostname":"ray","msg":"SignalProtocolStore: Finished caching sessions data"}
{"level":30,"time":"2022-01-06T21:07:16.824Z","pid":5877,"hostname":"ray","msg":"SignalProtocolStore: Finished caching preKeys data"}
{"level":30,"time":"2022-01-06T21:07:16.824Z","pid":5877,"hostname":"ray","msg":"SignalProtocolStore: Finished caching senderKeys data"}
{"level":30,"time":"2022-01-06T21:07:16.824Z","pid":5877,"hostname":"ray","msg":"SignalProtocolStore: Finished caching signedPreKeys data"}
{"level":30,"time":"2022-01-06T21:07:16.842Z","pid":5877,"hostname":"ray","msg":"Downloading recent attachments of total attachments 0 0"}
{"level":30,"time":"2022-01-06T21:07:16.842Z","pid":5877,"hostname":"ray","msg":"StartupQueue: Processing 0 actions"}
{"level":50,"time":"2022-01-06T21:07:16.845Z","pid":5877,"hostname":"ray","msg":"Got 401 from Signal Server. We might be unlinked."}
{"level":30,"time":"2022-01-06T21:07:16.845Z","pid":5877,"hostname":"ray","msg":"reconnectToWebSocket: No messageReceiver. Early return."}
{"level":50,"time":"2022-01-06T21:07:16.847Z","pid":5877,"hostname":"ray","msg":"GET https://textsecure-service.whispersystems.org/v1/directory/auth 401 Error"}
{"level":50,"time":"2022-01-06T21:07:16.847Z","pid":5877,"hostname":"ray","msg":"sendToIdentifier: Failed to fetch UUID for identifier +[REDACTED]239 HTTPError: promiseAjax: error response; code: 401\n    at makeHTTPError ([REDACTED]/resources/app.asar/preload.bundle.js:2:5656375)\n    at [REDACTED]/resources/app.asar/preload.bundle.js:2:5655761\n    at processTicksAndRejections (internal/process/task_queues.js:93:5)\nOriginal stack:\nError\n    at _outerAjax ([REDACTED]/resources/app.asar/preload.bundle.js:2:5656276)\n    at _ajax ([REDACTED]/resources/app.asar/preload.bundle.js:2:5678326)\n    at [REDACTED]/resources/app.asar/preload.bundle.js:2:5666613\n    at Object.getUuidsForE164s ([REDACTED]/resources/app.asar/preload.bundle.js:2:5666678)\n    at q.default.getUuidsForE164s ([REDACTED]/resources/app.asar/preload.bundle.js:2:5642163)\n    at Object.q.updateConversationsWithUuidLookup ([REDACTED]/resources/app.asar/preload.bundle.js:2:5703614)\n    at q.default.sendToIdentifier ([REDACTED]/resources/app.asar/preload.bundle.js:2:5613867)\n    at [REDACTED]/resources/app.asar/preload.bundle.js:2:5626885\n    at [REDACTED]/resources/app.asar/preload.bundle.js:2:5647926\n    at new Promise (<anonymous>)"}
{"level":30,"time":"2022-01-06T21:07:16.847Z","pid":5877,"hostname":"ray","msg":"GET https://textsecure-service.whispersystems.org/v2/keys/+[REDACTED]239/*"}
{"level":30,"time":"2022-01-06T21:07:16.849Z","pid":5877,"hostname":"ray","msg":"Rotating signed prekey..."}
{"level":40,"time":"2022-01-06T21:07:16.849Z","pid":5877,"hostname":"ray","msg":"Called storage.get before storage is ready. key: number_id"}
{"level":40,"time":"2022-01-06T21:07:16.849Z","pid":5877,"hostname":"ray","msg":"Called storage.get before storage is ready. key: uuid_id"}
{"level":40,"time":"2022-01-06T21:07:16.849Z","pid":5877,"hostname":"ray","msg":"Called storage.get before storage is ready. key: password"}
{"level":40,"time":"2022-01-06T21:07:16.850Z","pid":5877,"hostname":"ray","msg":"Called storage.get before storage is ready. key: signedKeyId"}
{"level":50,"time":"2022-01-06T21:07:16.850Z","pid":5877,"hostname":"ray","msg":"rotateSignedPrekey error: Error: rotateSignedPreKey: No identity key pair!\n    at [REDACTED]/resources/app.asar/preload.bundle.js:2:5549186"}
{"level":50,"time":"2022-01-06T21:07:16.850Z","pid":5877,"hostname":"ray","msg":"rotateSignedPrekey() failed. Trying again in five minutes"}
{"level":30,"time":"2022-01-06T21:07:16.856Z","pid":5877,"hostname":"ray","msg":"Successfully cleared local configuration"}
{"level":50,"time":"2022-01-06T21:07:16.962Z","pid":5877,"hostname":"ray","msg":"GET https://textsecure-service.whispersystems.org/v2/keys/+[REDACTED]239/* 404 Error"}
{"level":30,"time":"2022-01-06T21:07:16.962Z","pid":5877,"hostname":"ray","msg":"archiveAllSessions: archiving all sessions for +[REDACTED]239"}
{"level":50,"time":"2022-01-06T21:07:16.963Z","pid":5877,"hostname":"ray","msg":"Top-level unhandled promise rejection: {\"successfulIdentifiers\":[],\"failoverIdentifiers\":[],\"errors\":[{\"name\":\"UnregisteredUserError\",\"identifier\":\"+[REDACTED]239\",\"code\":404,\"reason\":\"Failed to retrieve new device keys for identifier +[REDACTED]239\",\"stackForLog\":\"UnregisteredUserError: Number is not registered. (original: promiseAjax: error response; code: 404)\\n    at new pe ([REDACTED]/resources/app.asar/preload.bundle.js:2:5562737)\\n    at Object.q.getKeysForIdentifier ([REDACTED]/resources/app.asar/preload.bundle.js:2:5686775)\\n    at processTicksAndRejections (internal/process/task_queues.js:93:5)\\n    at async q.default.getKeysForIdentifier ([REDACTED]/resources/app.asar/preload.bundle.js:2:5608806)\\n    at async q.default.sendToIdentifier ([REDACTED]/resources/app.asar/preload.bundle.js:2:5614426)\\nOriginal stack:\\nHTTPError: promiseAjax: error response; code: 404\\n    at makeHTTPError ([REDACTED]/resources/app.asar/preload.bundle.js:2:5656375)\\n    at [REDACTED]/resources/app.asar/preload.bundle.js:2:5655761\\n    at processTicksAndRejections (internal/process/task_queues.js:93:5)\\nOriginal stack:\\nError\\n    at _outerAjax ([REDACTED]/resources/app.asar/preload.bundle.js:2:5656276)\\n    at _ajax ([REDACTED]/resources/app.asar/preload.bundle.js:2:5678326)\\n    at Object.getKeysForIdentifier ([REDACTED]/resources/app.asar/preload.bundle.js:2:5663383)\\n    at [REDACTED]/resources/app.asar/preload.bundle.js:2:5685378\\n    at Object.q.getKeysForIdentifier ([REDACTED]/resources/app.asar/preload.bundle.js:2:5685591)\\n    at q.default.getKeysForIdentifier ([REDACTED]/resources/app.asar/preload.bundle.js:2:5608815)\\n    at q.default.sendToIdentifier ([REDACTED]/resources/app.asar/preload.bundle.js:2:5614437)\\n    at processTicksAndRejections (internal/process/task_queues.js:93:5)\"}],\"unidentifiedDeliveries\":[]}"}
{"level":30,"time":"2022-01-06T21:07:17.824Z","pid":5877,"hostname":"ray","msg":"Not updating notifications; notification status is noNotifications. "}
{"level":30,"time":"2022-01-06T21:07:18.898Z","pid":5877,"hostname":"ray","msg":"background/shutdown"}
{"level":30,"time":"2022-01-06T21:07:18.898Z","pid":5877,"hostname":"ray","msg":"attachment_downloads/stop: disabling"}
{"level":30,"time":"2022-01-06T21:07:18.899Z","pid":5877,"hostname":"ray","msg":"Flushing sql.Client.updateConversationBatcher batcher items.length=0"}
{"level":30,"time":"2022-01-06T21:07:18.899Z","pid":5877,"hostname":"ray","msg":"Flushing complete sql.Client.updateConversationBatcher for batcher"}
{"level":30,"time":"2022-01-06T21:07:18.899Z","pid":5877,"hostname":"ray","msg":"Flushing messageBatcher.updateMessageBatcher batcher items.length=0"}
{"level":30,"time":"2022-01-06T21:07:18.899Z","pid":5877,"hostname":"ray","msg":"Flushing complete messageBatcher.updateMessageBatcher for batcher"}
{"level":30,"time":"2022-01-06T21:07:18.899Z","pid":5877,"hostname":"ray","msg":"Flushing Whisper.deliveryReceiptBatcher batcher items.length=0"}
{"level":30,"time":"2022-01-06T21:07:18.899Z","pid":5877,"hostname":"ray","msg":"Flushing complete Whisper.deliveryReceiptBatcher for batcher"}
{"level":30,"time":"2022-01-06T21:07:18.899Z","pid":5877,"hostname":"ray","msg":"Flushing respondWithProfileKeyBatcher batcher items.length=0"}
{"level":30,"time":"2022-01-06T21:07:18.899Z","pid":5877,"hostname":"ray","msg":"Flushing complete respondWithProfileKeyBatcher for batcher"}
{"level":30,"time":"2022-01-06T21:07:18.899Z","pid":5877,"hostname":"ray","msg":"Flushing changedConvoBatcher batcher items.length=0"}
{"level":30,"time":"2022-01-06T21:07:18.899Z","pid":5877,"hostname":"ray","msg":"Flushing complete changedConvoBatcher for batcher"}
{"level":30,"time":"2022-01-06T21:07:18.899Z","pid":5877,"hostname":"ray","msg":"data.shutdown: shutdown requested. 0 jobs outstanding"}
{"level":30,"time":"2022-01-06T21:07:18.902Z","pid":5877,"hostname":"ray","msg":"Not updating notifications; notification status is noNotifications. "}
