{"level":30,"time":"2022-01-06T21:07:14.539Z","pid":5805,"hostname":"ray","msg":"app ready"}
{"level":30,"time":"2022-01-06T21:07:14.540Z","pid":5805,"hostname":"ray","msg":"starting version 5.5.0"}
{"level":30,"time":"2022-01-06T21:07:14.540Z","pid":5805,"hostname":"ray","msg":"media access status"}
{"level":30,"time":"2022-01-06T21:07:14.556Z","pid":5805,"hostname":"ray","msg":"got fast spellcheck setting true"}
{"level":30,"time":"2022-01-06T21:07:14.557Z","pid":5805,"hostname":"ray","msg":"Initializing BrowserWindow config: {\"show\":false,\"width\":806,\"height\":1042,\"minWidth\":680,\"minHeight\":550,\"autoHideMenuBar\":true,\"titleBarStyle\":\"default\",\"backgroundColor\":\"#3a76f0\",\"webPreferences\":{\"devTools\":false,\"nodeIntegration\":false,\"nodeIntegrationInWorker\":false,\"contextIsolation\":false,\"enableRemoteModule\":true,\"preload\":\"/nix/store/iqp7wncyyq604bd1g2vypqlygkkz2abd-signal-desktop-5.5.0/lib/Signal/resources/app.asar/preload.bundle.js\",\"nativeWindowOpen\":true,\"spellcheck\":true,\"backgroundThrottling\":false},\"icon\":\"/nix/store/iqp7wncyyq604bd1g2vypqlygkkz2abd-signal-desktop-5.5.0/lib/Signal/resources/app.asar/images/signal-logo-desktop-linux.png\",\"x\":1112,\"y\":2}"}
{"level":30,"time":"2022-01-06T21:07:14.639Z","pid":5805,"hostname":"ray","msg":"spellcheck: user locale: en-US"}
{"level":30,"time":"2022-01-06T21:07:14.639Z","pid":5805,"hostname":"ray","msg":"spellcheck: available spellchecker languages:  [\"af\",\"bg\",\"ca\",\"cs\",\"cy\",\"da\",\"de\",\"de-DE\",\"el\",\"en-AU\",\"en-CA\",\"en-GB\",\"en-GB-oxendict\",\"en-US\",\"es\",\"es-419\",\"es-AR\",\"es-ES\",\"es-MX\",\"es-US\",\"et\",\"fa\",\"fo\",\"fr\",\"fr-FR\",\"he\",\"hi\",\"hr\",\"hu\",\"hy\",\"id\",\"it\",\"it-IT\",\"ko\",\"lt\",\"lv\",\"nb\",\"nl\",\"pl\",\"pt\",\"pt-BR\",\"pt-PT\",\"ro\",\"ru\",\"sh\",\"sk\",\"sl\",\"sq\",\"sr\",\"sv\",\"ta\",\"tg\",\"tr\",\"uk\",\"vi\"]"}
{"level":30,"time":"2022-01-06T21:07:14.639Z","pid":5805,"hostname":"ray","msg":"spellcheck: setting languages to:  [\"en-US\"]"}
{"level":30,"time":"2022-01-06T21:07:14.658Z","pid":5805,"hostname":"ray","msg":"got fast spellcheck setting true"}
{"level":30,"time":"2022-01-06T21:07:14.668Z","pid":5805,"hostname":"ray","msg":"Begin ensuring permissions"}
{"level":30,"time":"2022-01-06T21:07:14.672Z","pid":5805,"hostname":"ray","msg":"Ensuring file permissions for 4 files"}
{"level":30,"time":"2022-01-06T21:07:14.672Z","pid":5805,"hostname":"ray","msg":"Finish ensuring permissions in 4ms"}
{"level":30,"time":"2022-01-06T21:07:16.190Z","pid":5805,"hostname":"ray","msg":"sending `database-ready`"}
{"level":30,"time":"2022-01-06T21:07:16.198Z","pid":5805,"hostname":"ray","msg":"main window is ready-to-show"}
{"level":30,"time":"2022-01-06T21:07:16.198Z","pid":5805,"hostname":"ray","msg":"showing main window"}
{"level":30,"time":"2022-01-06T21:07:16.700Z","pid":5805,"hostname":"ray","msg":"Updating BrowserWindow config: {\"maximized\":false,\"autoHideMenuBar\":false,\"fullscreen\":false,\"width\":1410,\"height\":767,\"x\":1,\"y\":1}"}
{"level":30,"time":"2022-01-06T21:07:16.701Z","pid":5805,"hostname":"ray","msg":"config/set: Saving ephemeral config to disk"}
{"level":30,"time":"2022-01-06T21:07:16.824Z","pid":5805,"hostname":"ray","msg":"updater/start: Updates disabled - not starting new version checks"}
{"level":30,"time":"2022-01-06T21:07:16.848Z","pid":5805,"hostname":"ray","msg":"App loaded - time: 2482"}
{"level":30,"time":"2022-01-06T21:07:16.848Z","pid":5805,"hostname":"ray","msg":"SQL init - time: 132"}
{"level":30,"time":"2022-01-06T21:07:16.848Z","pid":5805,"hostname":"ray","msg":"Preload - time: 904"}
{"level":30,"time":"2022-01-06T21:07:16.848Z","pid":5805,"hostname":"ray","msg":"WebSocket connect - time: -1641503236068"}
{"level":30,"time":"2022-01-06T21:07:16.848Z","pid":5805,"hostname":"ray","msg":"Processed count: null"}
{"level":30,"time":"2022-01-06T21:07:16.848Z","pid":5805,"hostname":"ray","msg":"Messages per second: 0"}
{"level":30,"time":"2022-01-06T21:07:18.897Z","pid":5805,"hostname":"ray","msg":"close event {\"shouldQuit\":false}"}
{"level":30,"time":"2022-01-06T21:07:18.897Z","pid":5805,"hostname":"ray","msg":"requestShutdown: Requesting close of mainWindow..."}
{"level":30,"time":"2022-01-06T21:07:18.900Z","pid":5805,"hostname":"ray","msg":"requestShutdown: Response received"}
{"level":30,"time":"2022-01-06T21:07:18.901Z","pid":5805,"hostname":"ray","msg":"before-quit event {\"readyForShutdown\":true,\"shouldQuit\":false}"}
{"level":30,"time":"2022-01-06T21:07:18.901Z","pid":5805,"hostname":"ray","msg":"close event {\"readyForShutdown\":true,\"shouldQuit\":true}"}
